22/09/2013 11:04:09.090 - GameLog] - [FINE] - A new game is starting
22/09/2013 11:04:09.121 - GameLog] - [FINE] - Current standing -- Human1 0 Wins | player 0 Wins
22/09/2013 11:04:09.506 - ResponseLog] - [FINE] - Turn 1
22/09/2013 11:04:09.583 - ResponseLog] - [FINE] - Human1 (1, 1) is STAYING STILL
22/09/2013 11:04:09.584 - ResponseLog] - [FINE] - player(15, 15) is moving 1 space LEFT
22/09/2013 11:04:09.942 - ResponseLog] - [FINE] - Turn 2
22/09/2013 11:04:09.969 - ResponseLog] - [FINE] - Human1 (1, 1) is STAYING STILL
22/09/2013 11:04:09.969 - ResponseLog] - [FINE] - player(14, 15) is moving 1 space LEFT
22/09/2013 11:04:10.314 - ResponseLog] - [FINE] - Turn 3
22/09/2013 11:04:10.332 - ResponseLog] - [FINE] - player placed bomb at 13, 15
22/09/2013 11:04:10.333 - ResponseLog] - [FINE] - player (13, 15) is STAYING STILL
22/09/2013 11:04:10.333 - ResponseLog] - [FINE] - Human1 (1, 1) is STAYING STILL
22/09/2013 11:04:10.687 - ResponseLog] - [FINE] - Turn 4
22/09/2013 11:04:10.711 - ResponseLog] - [FINE] - Human1 (1, 1) is STAYING STILL
22/09/2013 11:04:10.712 - ResponseLog] - [FINE] - player(13, 15) is moving 1 space UP
22/09/2013 11:04:11.061 - ResponseLog] - [FINE] - Turn 5
22/09/2013 11:04:11.067 - ResponseLog] - [FINE] - Human1 (1, 1) is STAYING STILL
22/09/2013 11:04:11.067 - ResponseLog] - [FINE] - player(13, 14) is moving 1 space UP
22/09/2013 11:04:11.411 - ResponseLog] - [FINE] - Turn 6
22/09/2013 11:04:11.418 - ResponseLog] - [FINE] - player placed bomb at 13, 13
22/09/2013 11:04:11.418 - ResponseLog] - [FINE] - player (13, 13) is STAYING STILL
22/09/2013 11:04:11.419 - ResponseLog] - [FINE] - Human1 (1, 1) is STAYING STILL
22/09/2013 11:04:11.761 - ResponseLog] - [FINE] - Turn 7
22/09/2013 11:04:11.770 - ResponseLog] - [FINE] - Human1 (1, 1) is STAYING STILL
22/09/2013 11:04:11.771 - ResponseLog] - [FINE] - player(13, 13) is moving 1 space RIGHT
22/09/2013 11:04:12.118 - ResponseLog] - [FINE] - Turn 8
22/09/2013 11:04:12.125 - ResponseLog] - [FINE] - Human1 (1, 1) is STAYING STILL
22/09/2013 11:04:12.128 - ResponseLog] - [FINE] - player(14, 13) is moving 1 space RIGHT
22/09/2013 11:04:12.470 - ResponseLog] - [FINE] - Turn 9
22/09/2013 11:04:12.496 - ResponseLog] - [FINE] - player(15, 13) is moving 1 space UP
22/09/2013 11:04:12.496 - ResponseLog] - [FINE] - Human1 (1, 1) is STAYING STILL
22/09/2013 11:04:12.839 - ResponseLog] - [FINE] - Turn 10
22/09/2013 11:04:12.852 - ResponseLog] - [FINE] - Human1 (1, 1) is STAYING STILL
22/09/2013 11:04:12.852 - ResponseLog] - [FINE] - player(15, 12) is moving 1 space UP
22/09/2013 11:04:13.195 - ResponseLog] - [FINE] - Turn 11
22/09/2013 11:04:13.210 - ResponseLog] - [FINE] - player placed bomb at 15, 11
22/09/2013 11:04:13.210 - ResponseLog] - [FINE] - player (15, 11) is STAYING STILL
22/09/2013 11:04:13.210 - ResponseLog] - [FINE] - Human1 (1, 1) is STAYING STILL
22/09/2013 11:04:13.554 - ResponseLog] - [FINE] - Turn 12
22/09/2013 11:04:13.568 - ResponseLog] - [FINE] - Human1 (1, 1) is STAYING STILL
22/09/2013 11:04:13.568 - ResponseLog] - [FINE] - player(15, 11) is moving 1 space DOWN
22/09/2013 11:04:13.913 - ResponseLog] - [FINE] - Turn 13
22/09/2013 11:04:13.923 - ResponseLog] - [FINE] - Human1 (1, 1) is STAYING STILL
22/09/2013 11:04:13.923 - ResponseLog] - [FINE] - player(15, 12) is moving 1 space DOWN
22/09/2013 11:04:14.267 - ResponseLog] - [FINE] - Turn 14
22/09/2013 11:04:14.287 - ResponseLog] - [FINE] - player (15, 13) is STAYING STILL
22/09/2013 11:04:14.288 - ResponseLog] - [FINE] - Human1 (1, 1) is STAYING STILL
22/09/2013 11:04:14.634 - ResponseLog] - [FINE] - Turn 15
22/09/2013 11:04:14.653 - ResponseLog] - [FINE] - Human1 (1, 1) is STAYING STILL
22/09/2013 11:04:14.654 - ResponseLog] - [FINE] - player (15, 13) is STAYING STILL
22/09/2013 11:04:15.000 - ResponseLog] - [FINE] - Turn 16
22/09/2013 11:04:15.018 - ResponseLog] - [FINE] - Human1 (1, 1) is STAYING STILL
22/09/2013 11:04:15.018 - ResponseLog] - [FINE] - player (15, 13) is STAYING STILL
22/09/2013 11:04:15.360 - ResponseLog] - [FINE] - Turn 17
22/09/2013 11:04:15.392 - ResponseLog] - [FINE] - player (15, 13) is STAYING STILL
22/09/2013 11:04:15.392 - ResponseLog] - [FINE] - Human1 (1, 1) is STAYING STILL
22/09/2013 11:04:15.738 - MapLog] - [FINE] - Bomb at 13, 15 exploded!
22/09/2013 11:04:15.740 - MapLog] - [FINE] - Bomb at 13, 15 caused 13, 14 to explode!
22/09/2013 11:04:15.740 - MapLog] - [FINE] - Bomb at 13, 15 caused 12, 15 to explode!
22/09/2013 11:04:15.740 - MapLog] - [FINE] - Bomb at 13, 15 caused 14, 15 to explode!
22/09/2013 11:04:15.742 - ResponseLog] - [FINE] - Turn 18
22/09/2013 11:04:15.761 - ResponseLog] - [FINE] - player (15, 13) is STAYING STILL
22/09/2013 11:04:15.762 - ResponseLog] - [FINE] - Human1 (1, 1) is STAYING STILL
22/09/2013 11:04:16.105 - MapLog] - [FINE] - Bomb at 13, 15 finished exploding!
22/09/2013 11:04:16.107 - ResponseLog] - [FINE] - Turn 19
22/09/2013 11:04:16.144 - ResponseLog] - [FINE] - player(15, 13) is moving 1 space DOWN
22/09/2013 11:04:16.145 - ResponseLog] - [FINE] - Human1 (1, 1) is STAYING STILL
22/09/2013 11:04:16.492 - ResponseLog] - [FINE] - Turn 20
22/09/2013 11:04:16.526 - ResponseLog] - [FINE] - player(15, 14) is moving 1 space DOWN
22/09/2013 11:04:16.526 - ResponseLog] - [FINE] - Human1 (1, 1) is STAYING STILL
22/09/2013 11:04:16.866 - MapLog] - [FINE] - Bomb at 13, 13 exploded!
22/09/2013 11:04:16.866 - MapLog] - [FINE] - Bomb at 13, 13 caused 13, 12 to explode!
22/09/2013 11:04:16.867 - MapLog] - [FINE] - Bomb at 13, 13 caused 12, 13 to explode!
22/09/2013 11:04:16.867 - MapLog] - [FINE] - Bomb at 13, 13 caused 14, 13 to explode!
22/09/2013 11:04:16.867 - MapLog] - [FINE] - Bomb at 13, 13 caused 13, 14 to explode!
22/09/2013 11:04:16.871 - ResponseLog] - [FINE] - Turn 21
22/09/2013 11:04:16.898 - ResponseLog] - [FINE] - Human1 (1, 1) is STAYING STILL
22/09/2013 11:04:16.898 - ResponseLog] - [FINE] - player(15, 15) is moving 1 space LEFT
22/09/2013 11:04:17.245 - MapLog] - [FINE] - Bomb at 13, 13 finished exploding!
22/09/2013 11:04:17.245 - MapLog] - [FINE] - A FIREUP appeared at 13, 12!
22/09/2013 11:04:17.250 - ResponseLog] - [FINE] - Turn 22
22/09/2013 11:04:17.282 - ResponseLog] - [FINE] - Human1 (1, 1) is STAYING STILL
22/09/2013 11:04:17.283 - ResponseLog] - [FINE] - player(14, 15) is moving 1 space LEFT
22/09/2013 11:04:17.627 - ResponseLog] - [FINE] - Turn 23
22/09/2013 11:04:17.650 - ResponseLog] - [FINE] - Human1 (1, 1) is STAYING STILL
22/09/2013 11:04:17.650 - ResponseLog] - [FINE] - player(13, 15) is moving 1 space UP
22/09/2013 11:04:17.993 - ResponseLog] - [FINE] - Turn 24
22/09/2013 11:04:18.004 - ResponseLog] - [FINE] - player(13, 14) is moving 1 space UP
22/09/2013 11:04:18.005 - ResponseLog] - [FINE] - Human1 (1, 1) is STAYING STILL
22/09/2013 11:04:18.355 - ResponseLog] - [FINE] - Turn 25
22/09/2013 11:04:18.365 - ResponseLog] - [FINE] - Human1 (1, 1) is STAYING STILL
22/09/2013 11:04:18.365 - ResponseLog] - [FINE] - player(13, 13) is moving 1 space UP
22/09/2013 11:04:18.713 - MapLog] - [FINE] - Bomb at 15, 11 exploded!
22/09/2013 11:04:18.713 - MapLog] - [FINE] - Bomb at 15, 11 caused 15, 10 to explode!
22/09/2013 11:04:18.714 - MapLog] - [FINE] - Bomb at 15, 11 caused 14, 11 to explode!
22/09/2013 11:04:18.714 - MapLog] - [FINE] - Bomb at 15, 11 caused 15, 12 to explode!
22/09/2013 11:04:18.717 - ResponseLog] - [FINE] - Turn 26
22/09/2013 11:04:18.726 - ResponseLog] - [FINE] - player placed bomb at 13, 12
22/09/2013 11:04:18.729 - ResponseLog] - [FINE] - player (13, 12) is STAYING STILL
22/09/2013 11:04:18.729 - ResponseLog] - [FINE] - Human1 (1, 1) is STAYING STILL
22/09/2013 11:04:19.069 - MapLog] - [FINE] - Bomb at 15, 11 finished exploding!
22/09/2013 11:04:19.071 - ResponseLog] - [FINE] - Turn 27
22/09/2013 11:04:19.088 - ResponseLog] - [FINE] - player(13, 12) is moving 1 space DOWN
22/09/2013 11:04:19.088 - ResponseLog] - [FINE] - Human1 (1, 1) is STAYING STILL
22/09/2013 11:04:19.434 - ResponseLog] - [FINE] - Turn 28
22/09/2013 11:04:19.439 - ResponseLog] - [FINE] - player(13, 13) is moving 1 space RIGHT
22/09/2013 11:04:19.439 - ResponseLog] - [FINE] - Human1 (1, 1) is STAYING STILL
22/09/2013 11:04:19.783 - ResponseLog] - [FINE] - Turn 29
22/09/2013 11:04:19.802 - ResponseLog] - [FINE] - player(14, 13) is moving 1 space RIGHT
22/09/2013 11:04:19.803 - ResponseLog] - [FINE] - Human1 (1, 1) is STAYING STILL
22/09/2013 11:04:20.149 - ResponseLog] - [FINE] - Turn 30
22/09/2013 11:04:20.173 - ResponseLog] - [FINE] - player(15, 13) is moving 1 space UP
22/09/2013 11:04:20.173 - ResponseLog] - [FINE] - Human1 (1, 1) is STAYING STILL
22/09/2013 11:04:20.512 - ResponseLog] - [FINE] - Turn 31
22/09/2013 11:04:20.528 - ResponseLog] - [FINE] - player(15, 12) is moving 1 space UP
22/09/2013 11:04:20.528 - ResponseLog] - [FINE] - Human1 (1, 1) is STAYING STILL
22/09/2013 11:04:20.872 - ResponseLog] - [FINE] - Turn 32
22/09/2013 11:04:20.879 - ResponseLog] - [FINE] - player(15, 11) is moving 1 space UP
22/09/2013 11:04:20.881 - ResponseLog] - [FINE] - Human1 (1, 1) is STAYING STILL
22/09/2013 11:04:21.225 - ResponseLog] - [FINE] - Turn 33
22/09/2013 11:04:21.234 - ResponseLog] - [FINE] - Human1 (1, 1) is STAYING STILL
22/09/2013 11:04:21.234 - ResponseLog] - [FINE] - player placed bomb at 15, 10
22/09/2013 11:04:21.236 - ResponseLog] - [FINE] - player (15, 10) is STAYING STILL
22/09/2013 11:04:21.580 - ResponseLog] - [FINE] - Turn 34
22/09/2013 11:04:21.588 - ResponseLog] - [FINE] - player(15, 10) is moving 1 space DOWN
22/09/2013 11:04:21.588 - ResponseLog] - [FINE] - Human1 (1, 1) is STAYING STILL
22/09/2013 11:04:21.929 - ResponseLog] - [FINE] - Turn 35
22/09/2013 11:04:21.934 - ResponseLog] - [FINE] - player(15, 11) is moving 1 space LEFT
22/09/2013 11:04:21.934 - ResponseLog] - [FINE] - Human1 (1, 1) is STAYING STILL
22/09/2013 11:04:22.281 - ResponseLog] - [FINE] - Turn 36
22/09/2013 11:04:22.289 - ResponseLog] - [FINE] - Human1 (1, 1) is STAYING STILL
22/09/2013 11:04:22.289 - ResponseLog] - [FINE] - player placed bomb at 14, 11
22/09/2013 11:04:22.290 - ResponseLog] - [FINE] - player (14, 11) is STAYING STILL
22/09/2013 11:04:22.634 - ResponseLog] - [FINE] - Turn 37
22/09/2013 11:04:22.650 - ResponseLog] - [FINE] - player(14, 11) is moving 1 space RIGHT
22/09/2013 11:04:22.651 - ResponseLog] - [FINE] - Human1 (1, 1) is STAYING STILL
22/09/2013 11:04:22.996 - ResponseLog] - [FINE] - Turn 38
22/09/2013 11:04:23.007 - ResponseLog] - [FINE] - Human1 (1, 1) is STAYING STILL
22/09/2013 11:04:23.007 - ResponseLog] - [FINE] - player(15, 11) is moving 1 space DOWN
22/09/2013 11:04:23.355 - ResponseLog] - [FINE] - Turn 39
22/09/2013 11:04:23.362 - ResponseLog] - [FINE] - Human1 (1, 1) is STAYING STILL
22/09/2013 11:04:23.363 - ResponseLog] - [FINE] - player(15, 12) is moving 1 space DOWN
22/09/2013 11:04:23.708 - ResponseLog] - [FINE] - Turn 40
22/09/2013 11:04:23.757 - ResponseLog] - [FINE] - player(15, 13) is moving 1 space DOWN
22/09/2013 11:04:23.758 - ResponseLog] - [FINE] - Human1 (1, 1) is STAYING STILL
22/09/2013 11:04:24.098 - MapLog] - [FINE] - Bomb at 13, 12 exploded!
22/09/2013 11:04:24.098 - MapLog] - [FINE] - Bomb at 13, 12 caused 13, 11 to explode!
22/09/2013 11:04:24.099 - MapLog] - [FINE] - Bomb at 13, 12 caused 13, 13 to explode!
22/09/2013 11:04:24.099 - MapLog] - [FINE] - Bomb at 13, 12 caused 13, 14 to explode!
22/09/2013 11:04:24.100 - ResponseLog] - [FINE] - Turn 41
22/09/2013 11:04:24.148 - ResponseLog] - [FINE] - Human1 (1, 1) is STAYING STILL
22/09/2013 11:04:24.148 - ResponseLog] - [FINE] - player(15, 14) is moving 1 space DOWN
22/09/2013 11:04:24.492 - MapLog] - [FINE] - Bomb at 13, 12 finished exploding!
22/09/2013 11:04:24.494 - ResponseLog] - [FINE] - Turn 42
22/09/2013 11:04:24.543 - ResponseLog] - [FINE] - player(15, 15) is moving 1 space LEFT
22/09/2013 11:04:24.543 - ResponseLog] - [FINE] - Human1 (1, 1) is STAYING STILL
22/09/2013 11:04:24.888 - ResponseLog] - [FINE] - Turn 43
22/09/2013 11:04:24.933 - ResponseLog] - [FINE] - Human1 (1, 1) is STAYING STILL
22/09/2013 11:04:24.933 - ResponseLog] - [FINE] - player(14, 15) is moving 1 space LEFT
22/09/2013 11:04:25.279 - ResponseLog] - [FINE] - Turn 44
22/09/2013 11:04:25.320 - ResponseLog] - [FINE] - Human1 (1, 1) is STAYING STILL
22/09/2013 11:04:25.321 - ResponseLog] - [FINE] - player(13, 15) is moving 1 space LEFT
22/09/2013 11:04:25.670 - ResponseLog] - [FINE] - Turn 45
22/09/2013 11:04:25.697 - ResponseLog] - [FINE] - Human1 (1, 1) is STAYING STILL
22/09/2013 11:04:25.698 - ResponseLog] - [FINE] - player(12, 15) is moving 1 space LEFT
22/09/2013 11:04:26.056 - ResponseLog] - [FINE] - Turn 46
22/09/2013 11:04:26.078 - ResponseLog] - [FINE] - player(11, 15) is moving 1 space LEFT
22/09/2013 11:04:26.078 - ResponseLog] - [FINE] - Human1 (1, 1) is STAYING STILL
22/09/2013 11:04:26.423 - ResponseLog] - [FINE] - Turn 47
22/09/2013 11:04:26.431 - ResponseLog] - [FINE] - player placed bomb at 10, 15
22/09/2013 11:04:26.431 - ResponseLog] - [FINE] - player (10, 15) is STAYING STILL
22/09/2013 11:04:26.431 - ResponseLog] - [FINE] - Human1 (1, 1) is STAYING STILL
22/09/2013 11:04:26.766 - MapLog] - [FINE] - Bomb at 15, 10 exploded!
22/09/2013 11:04:26.766 - MapLog] - [FINE] - Bomb at 15, 10 caused 15, 9 to explode!
22/09/2013 11:04:26.766 - MapLog] - [FINE] - Bomb at 15, 10 caused 15, 11 to explode!
22/09/2013 11:04:26.766 - MapLog] - [FINE] - Bomb at 15, 10 caused 15, 12 to explode!
22/09/2013 11:04:26.767 - ResponseLog] - [FINE] - Turn 48
22/09/2013 11:04:26.773 - ResponseLog] - [FINE] - Human1 (1, 1) is STAYING STILL
22/09/2013 11:04:26.773 - ResponseLog] - [FINE] - player(10, 15) is moving 1 space RIGHT
22/09/2013 11:04:27.116 - MapLog] - [FINE] - Bomb at 15, 10 finished exploding!
22/09/2013 11:04:27.116 - MapLog] - [FINE] - A BOMBUP appeared at 15, 9!
22/09/2013 11:04:27.117 - ResponseLog] - [FINE] - Turn 49
22/09/2013 11:04:27.121 - ResponseLog] - [FINE] - player(11, 15) is moving 1 space UP
22/09/2013 11:04:27.123 - ResponseLog] - [FINE] - Human1 (1, 1) is STAYING STILL
22/09/2013 11:04:27.465 - ResponseLog] - [FINE] - Turn 50
22/09/2013 11:04:27.479 - ResponseLog] - [FINE] - player(11, 14) is moving 1 space UP
22/09/2013 11:04:27.479 - ResponseLog] - [FINE] - Human1 (1, 1) is STAYING STILL
22/09/2013 11:04:27.822 - MapLog] - [FINE] - Bomb at 14, 11 exploded!
22/09/2013 11:04:27.822 - MapLog] - [FINE] - Bomb at 14, 11 caused 13, 11 to explode!
22/09/2013 11:04:27.823 - MapLog] - [FINE] - Bomb at 14, 11 caused 12, 11 to explode!
22/09/2013 11:04:27.823 - MapLog] - [FINE] - Bomb at 14, 11 caused 15, 11 to explode!
22/09/2013 11:04:27.824 - ResponseLog] - [FINE] - Turn 51
22/09/2013 11:04:27.839 - ResponseLog] - [FINE] - Human1 (1, 1) is STAYING STILL
22/09/2013 11:04:27.839 - ResponseLog] - [FINE] - player placed bomb at 11, 13
22/09/2013 11:04:27.839 - ResponseLog] - [FINE] - player (11, 13) is STAYING STILL
22/09/2013 11:04:28.183 - MapLog] - [FINE] - Bomb at 14, 11 finished exploding!
22/09/2013 11:04:28.186 - ResponseLog] - [FINE] - Turn 52
22/09/2013 11:04:28.199 - ResponseLog] - [FINE] - player(11, 13) is moving 1 space RIGHT
22/09/2013 11:04:28.199 - ResponseLog] - [FINE] - Human1 (1, 1) is STAYING STILL
22/09/2013 11:04:28.540 - ResponseLog] - [FINE] - Turn 53
22/09/2013 11:04:28.547 - ResponseLog] - [FINE] - player(12, 13) is moving 1 space RIGHT
22/09/2013 11:04:28.547 - ResponseLog] - [FINE] - Human1 (1, 1) is STAYING STILL
22/09/2013 11:04:28.891 - ResponseLog] - [FINE] - Turn 54
22/09/2013 11:04:28.896 - ResponseLog] - [FINE] - player(13, 13) is moving 1 space UP
22/09/2013 11:04:28.896 - ResponseLog] - [FINE] - Human1 (1, 1) is STAYING STILL
22/09/2013 11:04:29.242 - ResponseLog] - [FINE] - Turn 55
22/09/2013 11:04:29.258 - ResponseLog] - [FINE] - Human1 (1, 1) is STAYING STILL
22/09/2013 11:04:29.258 - ResponseLog] - [FINE] - player(13, 12) is moving 1 space UP
22/09/2013 11:04:29.608 - ResponseLog] - [FINE] - Turn 56
22/09/2013 11:04:29.625 - ResponseLog] - [FINE] - player placed bomb at 13, 11
22/09/2013 11:04:29.625 - ResponseLog] - [FINE] - player (13, 11) is STAYING STILL
22/09/2013 11:04:29.625 - ResponseLog] - [FINE] - Human1 (1, 1) is STAYING STILL
22/09/2013 11:04:29.970 - ResponseLog] - [FINE] - Turn 57
22/09/2013 11:04:29.984 - ResponseLog] - [FINE] - Human1 (1, 1) is STAYING STILL
22/09/2013 11:04:29.985 - ResponseLog] - [FINE] - player(13, 11) is moving 1 space RIGHT
22/09/2013 11:04:30.327 - ResponseLog] - [FINE] - Turn 58
22/09/2013 11:04:30.339 - ResponseLog] - [FINE] - Human1 (1, 1) is STAYING STILL
22/09/2013 11:04:30.339 - ResponseLog] - [FINE] - player(14, 11) is moving 1 space RIGHT
22/09/2013 11:04:30.686 - ResponseLog] - [FINE] - Turn 59
22/09/2013 11:04:30.689 - ResponseLog] - [FINE] - player(15, 11) is moving 1 space UP
22/09/2013 11:04:30.690 - ResponseLog] - [FINE] - Human1 (1, 1) is STAYING STILL
22/09/2013 11:04:31.033 - ResponseLog] - [FINE] - Turn 60
22/09/2013 11:04:31.040 - ResponseLog] - [FINE] - Human1 (1, 1) is STAYING STILL
22/09/2013 11:04:31.041 - ResponseLog] - [FINE] - player(15, 10) is moving 1 space UP
22/09/2013 11:04:31.384 - ResponseLog] - [FINE] - Turn 61
22/09/2013 11:04:31.397 - ResponseLog] - [FINE] - player placed bomb at 15, 9
22/09/2013 11:04:31.398 - ResponseLog] - [FINE] - player (15, 9) is STAYING STILL
22/09/2013 11:04:31.398 - ResponseLog] - [FINE] - Human1 (1, 1) is STAYING STILL
22/09/2013 11:04:31.739 - MapLog] - [FINE] - Bomb at 10, 15 exploded!
22/09/2013 11:04:31.739 - MapLog] - [FINE] - Bomb at 10, 15 caused 9, 15 to explode!
22/09/2013 11:04:31.739 - MapLog] - [FINE] - Bomb at 10, 15 caused 11, 15 to explode!
22/09/2013 11:04:31.740 - MapLog] - [FINE] - Bomb at 10, 15 caused 12, 15 to explode!
22/09/2013 11:04:31.741 - ResponseLog] - [FINE] - Turn 62
22/09/2013 11:04:31.752 - ResponseLog] - [FINE] - Human1 (1, 1) is STAYING STILL
22/09/2013 11:04:31.752 - ResponseLog] - [FINE] - player(15, 9) is moving 1 space DOWN
22/09/2013 11:04:32.095 - MapLog] - [FINE] - Bomb at 10, 15 finished exploding!
22/09/2013 11:04:32.095 - MapLog] - [FINE] - A BOMBUP appeared at 9, 15!
22/09/2013 11:04:32.096 - ResponseLog] - [FINE] - Turn 63
22/09/2013 11:04:32.106 - ResponseLog] - [FINE] - Human1 (1, 1) is STAYING STILL
22/09/2013 11:04:32.107 - ResponseLog] - [FINE] - player(15, 10) is moving 1 space DOWN
22/09/2013 11:04:32.454 - ResponseLog] - [FINE] - Turn 64
22/09/2013 11:04:32.460 - ResponseLog] - [FINE] - player(15, 11) is moving 1 space DOWN
22/09/2013 11:04:32.461 - ResponseLog] - [FINE] - Human1 (1, 1) is STAYING STILL
22/09/2013 11:04:32.803 - ResponseLog] - [FINE] - Turn 65
22/09/2013 11:04:32.920 - ResponseLog] - [FINE] - Human1 (1, 1) is STAYING STILL
22/09/2013 11:04:32.921 - ResponseLog] - [FINE] - player (15, 12) is STAYING STILL
22/09/2013 11:04:33.267 - MapLog] - [FINE] - Bomb at 11, 13 exploded!
22/09/2013 11:04:33.267 - MapLog] - [FINE] - Bomb at 11, 13 caused 11, 12 to explode!
22/09/2013 11:04:33.268 - MapLog] - [FINE] - Bomb at 11, 13 caused 11, 11 to explode!
22/09/2013 11:04:33.268 - MapLog] - [FINE] - Bomb at 11, 13 caused 10, 13 to explode!
22/09/2013 11:04:33.268 - MapLog] - [FINE] - Bomb at 11, 13 caused 12, 13 to explode!
22/09/2013 11:04:33.268 - MapLog] - [FINE] - Bomb at 11, 13 caused 13, 13 to explode!
22/09/2013 11:04:33.269 - MapLog] - [FINE] - Bomb at 11, 13 caused 11, 14 to explode!
22/09/2013 11:04:33.269 - MapLog] - [FINE] - Bomb at 11, 13 caused 11, 15 to explode!
22/09/2013 11:04:33.271 - ResponseLog] - [FINE] - Turn 66
22/09/2013 11:04:33.309 - ResponseLog] - [FINE] - Human1 (1, 1) is STAYING STILL
22/09/2013 11:04:33.310 - ResponseLog] - [FINE] - player (15, 12) is STAYING STILL
22/09/2013 11:04:33.655 - MapLog] - [FINE] - Bomb at 11, 13 finished exploding!
22/09/2013 11:04:33.655 - MapLog] - [FINE] - A BOMBUP appeared at 11, 11!
22/09/2013 11:04:33.655 - MapLog] - [FINE] - A BOMBUP appeared at 10, 13!
22/09/2013 11:04:33.656 - ResponseLog] - [FINE] - Turn 67
22/09/2013 11:04:33.707 - ResponseLog] - [FINE] - player(15, 12) is moving 1 space DOWN
22/09/2013 11:04:33.708 - ResponseLog] - [FINE] - Human1 (1, 1) is STAYING STILL
22/09/2013 11:04:34.057 - ResponseLog] - [FINE] - Turn 68
22/09/2013 11:04:34.107 - ResponseLog] - [FINE] - player(15, 13) is moving 1 space DOWN
22/09/2013 11:04:34.107 - ResponseLog] - [FINE] - Human1 (1, 1) is STAYING STILL
22/09/2013 11:04:34.452 - ResponseLog] - [FINE] - Turn 69
22/09/2013 11:04:34.506 - ResponseLog] - [FINE] - player(15, 14) is moving 1 space DOWN
22/09/2013 11:04:34.507 - ResponseLog] - [FINE] - Human1 (1, 1) is STAYING STILL
22/09/2013 11:04:34.851 - ResponseLog] - [FINE] - Turn 70
22/09/2013 11:04:34.892 - ResponseLog] - [FINE] - player(15, 15) is moving 1 space LEFT
22/09/2013 11:04:34.892 - ResponseLog] - [FINE] - Human1 (1, 1) is STAYING STILL
22/09/2013 11:04:35.238 - MapLog] - [FINE] - Bomb at 13, 11 exploded!
22/09/2013 11:04:35.238 - MapLog] - [FINE] - Bomb at 13, 11 caused 13, 10 to explode!
22/09/2013 11:04:35.238 - MapLog] - [FINE] - Bomb at 13, 11 caused 12, 11 to explode!
22/09/2013 11:04:35.239 - MapLog] - [FINE] - Bomb at 13, 11 caused 11, 11 to explode!
22/09/2013 11:04:35.239 - MapLog] - [FINE] - Bomb at 13, 11 caused 14, 11 to explode!
22/09/2013 11:04:35.239 - MapLog] - [FINE] - Bomb at 13, 11 caused 15, 11 to explode!
22/09/2013 11:04:35.240 - MapLog] - [FINE] - Bomb at 13, 11 caused 13, 12 to explode!
22/09/2013 11:04:35.240 - MapLog] - [FINE] - Bomb at 13, 11 caused 13, 13 to explode!
22/09/2013 11:04:35.241 - ResponseLog] - [FINE] - Turn 71
22/09/2013 11:04:35.278 - ResponseLog] - [FINE] - player(14, 15) is moving 1 space LEFT
22/09/2013 11:04:35.278 - ResponseLog] - [FINE] - Human1 (1, 1) is STAYING STILL
22/09/2013 11:04:35.619 - MapLog] - [FINE] - Bomb at 13, 11 finished exploding!
22/09/2013 11:04:35.619 - MapLog] - [FINE] - A BOMBUP appeared at 13, 10!
22/09/2013 11:04:35.620 - ResponseLog] - [FINE] - Turn 72
22/09/2013 11:04:35.645 - ResponseLog] - [FINE] - Human1 (1, 1) is STAYING STILL
22/09/2013 11:04:35.645 - ResponseLog] - [FINE] - player(13, 15) is moving 1 space LEFT
22/09/2013 11:04:35.988 - ResponseLog] - [FINE] - Turn 73
22/09/2013 11:04:36.016 - ResponseLog] - [FINE] - Human1 (1, 1) is STAYING STILL
22/09/2013 11:04:36.016 - ResponseLog] - [FINE] - player(12, 15) is moving 1 space LEFT
22/09/2013 11:04:36.360 - ResponseLog] - [FINE] - Turn 74
22/09/2013 11:04:36.374 - ResponseLog] - [FINE] - Human1 (1, 1) is STAYING STILL
22/09/2013 11:04:36.374 - ResponseLog] - [FINE] - player(11, 15) is moving 1 space LEFT
22/09/2013 11:04:36.714 - ResponseLog] - [FINE] - Turn 75
22/09/2013 11:04:36.719 - ResponseLog] - [FINE] - player(10, 15) is moving 1 space LEFT
22/09/2013 11:04:36.719 - ResponseLog] - [FINE] - Human1 (1, 1) is STAYING STILL
22/09/2013 11:04:37.061 - MapLog] - [FINE] - Bomb at 15, 9 exploded!
22/09/2013 11:04:37.061 - MapLog] - [FINE] - Bomb at 15, 9 caused 15, 8 to explode!
22/09/2013 11:04:37.061 - MapLog] - [FINE] - Bomb at 15, 9 caused 14, 9 to explode!
22/09/2013 11:04:37.062 - MapLog] - [FINE] - Bomb at 15, 9 caused 13, 9 to explode!
22/09/2013 11:04:37.062 - MapLog] - [FINE] - Bomb at 15, 9 caused 15, 10 to explode!
22/09/2013 11:04:37.062 - MapLog] - [FINE] - Bomb at 15, 9 caused 15, 11 to explode!
22/09/2013 11:04:37.063 - ResponseLog] - [FINE] - Turn 76
22/09/2013 11:04:37.073 - ResponseLog] - [FINE] - Human1 (1, 1) is STAYING STILL
22/09/2013 11:04:37.073 - ResponseLog] - [FINE] - player placed bomb at 9, 15
22/09/2013 11:04:37.074 - ResponseLog] - [FINE] - player (9, 15) is STAYING STILL
22/09/2013 11:04:37.414 - MapLog] - [FINE] - Bomb at 15, 9 finished exploding!
22/09/2013 11:04:37.414 - MapLog] - [FINE] - A BOMBUP appeared at 13, 9!
22/09/2013 11:04:37.415 - ResponseLog] - [FINE] - Turn 77
22/09/2013 11:04:37.424 - ResponseLog] - [FINE] - Human1 (1, 1) is STAYING STILL
22/09/2013 11:04:37.425 - ResponseLog] - [FINE] - player(9, 15) is moving 1 space RIGHT
22/09/2013 11:04:37.767 - ResponseLog] - [FINE] - Turn 78
22/09/2013 11:04:37.773 - ResponseLog] - [FINE] - player(10, 15) is moving 1 space RIGHT
22/09/2013 11:04:37.774 - ResponseLog] - [FINE] - Human1 (1, 1) is STAYING STILL
22/09/2013 11:04:38.122 - ResponseLog] - [FINE] - Turn 79
22/09/2013 11:04:38.126 - ResponseLog] - [FINE] - player(11, 15) is moving 1 space UP
22/09/2013 11:04:38.126 - ResponseLog] - [FINE] - Human1 (1, 1) is STAYING STILL
22/09/2013 11:04:38.469 - ResponseLog] - [FINE] - Turn 80
22/09/2013 11:04:38.480 - ResponseLog] - [FINE] - Human1 (1, 1) is STAYING STILL
22/09/2013 11:04:38.481 - ResponseLog] - [FINE] - player(11, 14) is moving 1 space UP
22/09/2013 11:04:38.825 - ResponseLog] - [FINE] - Turn 81
22/09/2013 11:04:38.830 - ResponseLog] - [FINE] - Human1 (1, 1) is STAYING STILL
22/09/2013 11:04:38.830 - ResponseLog] - [FINE] - player(11, 13) is moving 1 space LEFT
22/09/2013 11:04:39.175 - ResponseLog] - [FINE] - Turn 82
22/09/2013 11:04:39.185 - ResponseLog] - [FINE] - Human1 (1, 1) is STAYING STILL
22/09/2013 11:04:39.185 - ResponseLog] - [FINE] - player(10, 13) is moving 1 space LEFT
22/09/2013 11:04:39.530 - ResponseLog] - [FINE] - Turn 83
22/09/2013 11:04:39.538 - ResponseLog] - [FINE] - Human1 (1, 1) is STAYING STILL
22/09/2013 11:04:39.538 - ResponseLog] - [FINE] - player placed bomb at 9, 13
22/09/2013 11:04:39.538 - ResponseLog] - [FINE] - player (9, 13) is STAYING STILL
22/09/2013 11:04:39.882 - ResponseLog] - [FINE] - Turn 84
22/09/2013 11:04:39.891 - ResponseLog] - [FINE] - player(9, 13) is moving 1 space RIGHT
22/09/2013 11:04:39.891 - ResponseLog] - [FINE] - Human1 (1, 1) is STAYING STILL
22/09/2013 11:04:40.234 - ResponseLog] - [FINE] - Turn 85
22/09/2013 11:04:40.241 - ResponseLog] - [FINE] - player(10, 13) is moving 1 space RIGHT
22/09/2013 11:04:40.241 - ResponseLog] - [FINE] - Human1 (1, 1) is STAYING STILL
22/09/2013 11:04:40.585 - ResponseLog] - [FINE] - Turn 86
22/09/2013 11:04:40.588 - ResponseLog] - [FINE] - Human1 (1, 1) is STAYING STILL
22/09/2013 11:04:40.588 - ResponseLog] - [FINE] - player(11, 13) is moving 1 space UP
22/09/2013 11:04:40.935 - ResponseLog] - [FINE] - Turn 87
22/09/2013 11:04:40.946 - ResponseLog] - [FINE] - player(11, 12) is moving 1 space UP
22/09/2013 11:04:40.946 - ResponseLog] - [FINE] - Human1 (1, 1) is STAYING STILL
22/09/2013 11:04:41.287 - ResponseLog] - [FINE] - Turn 88
22/09/2013 11:04:41.299 - ResponseLog] - [FINE] - Human1 (1, 1) is STAYING STILL
22/09/2013 11:04:41.299 - ResponseLog] - [FINE] - player placed bomb at 11, 11
22/09/2013 11:04:41.299 - ResponseLog] - [FINE] - player (11, 11) is STAYING STILL
22/09/2013 11:04:41.641 - ResponseLog] - [FINE] - Turn 89
22/09/2013 11:04:41.652 - ResponseLog] - [FINE] - Human1 (1, 1) is STAYING STILL
22/09/2013 11:04:41.652 - ResponseLog] - [FINE] - player(11, 11) is moving 1 space RIGHT
22/09/2013 11:04:41.995 - ResponseLog] - [FINE] - Turn 90
22/09/2013 11:04:42.002 - ResponseLog] - [FINE] - player(12, 11) is moving 1 space RIGHT
22/09/2013 11:04:42.003 - ResponseLog] - [FINE] - Human1 (1, 1) is STAYING STILL
22/09/2013 11:04:42.347 - MapLog] - [FINE] - Bomb at 9, 15 exploded!
22/09/2013 11:04:42.347 - MapLog] - [FINE] - Bomb at 9, 15 caused 9, 14 to explode!
22/09/2013 11:04:42.347 - MapLog] - [FINE] - Bomb at 9, 15 caused 8, 15 to explode!
22/09/2013 11:04:42.348 - MapLog] - [FINE] - Bomb at 9, 15 caused 7, 15 to explode!
22/09/2013 11:04:42.348 - MapLog] - [FINE] - Bomb at 9, 15 caused 10, 15 to explode!
22/09/2013 11:04:42.348 - MapLog] - [FINE] - Bomb at 9, 15 caused 11, 15 to explode!
22/09/2013 11:04:42.349 - ResponseLog] - [FINE] - Turn 91
22/09/2013 11:04:42.355 - ResponseLog] - [FINE] - Human1 (1, 1) is STAYING STILL
22/09/2013 11:04:42.355 - ResponseLog] - [FINE] - player(13, 11) is moving 1 space UP
22/09/2013 11:04:42.715 - MapLog] - [FINE] - Bomb at 9, 15 finished exploding!
22/09/2013 11:04:42.715 - MapLog] - [FINE] - A FIREUP appeared at 9, 14!
22/09/2013 11:04:42.716 - ResponseLog] - [FINE] - Turn 92
22/09/2013 11:04:42.723 - ResponseLog] - [FINE] - Human1 (1, 1) is STAYING STILL
22/09/2013 11:04:42.723 - ResponseLog] - [FINE] - player(13, 10) is moving 1 space UP
22/09/2013 11:04:43.067 - ResponseLog] - [FINE] - Turn 93
22/09/2013 11:04:43.079 - ResponseLog] - [FINE] - player placed bomb at 13, 9
22/09/2013 11:04:43.079 - ResponseLog] - [FINE] - player (13, 9) is STAYING STILL
22/09/2013 11:04:43.079 - ResponseLog] - [FINE] - Human1 (1, 1) is STAYING STILL
22/09/2013 11:04:43.422 - ResponseLog] - [FINE] - Turn 94
22/09/2013 11:04:43.451 - ResponseLog] - [FINE] - player(13, 9) is moving 1 space RIGHT
22/09/2013 11:04:43.451 - ResponseLog] - [FINE] - Human1 (1, 1) is STAYING STILL
22/09/2013 11:04:43.795 - ResponseLog] - [FINE] - Turn 95
22/09/2013 11:04:43.811 - ResponseLog] - [FINE] - Human1 (1, 1) is STAYING STILL
22/09/2013 11:04:43.811 - ResponseLog] - [FINE] - player(14, 9) is moving 1 space RIGHT
22/09/2013 11:04:44.154 - ResponseLog] - [FINE] - Turn 96
22/09/2013 11:04:44.162 - ResponseLog] - [FINE] - Human1 (1, 1) is STAYING STILL
22/09/2013 11:04:44.162 - ResponseLog] - [FINE] - player(15, 9) is moving 1 space UP
22/09/2013 11:04:44.508 - ResponseLog] - [FINE] - Turn 97
22/09/2013 11:04:44.526 - ResponseLog] - [FINE] - player(15, 8) is moving 1 space UP
22/09/2013 11:04:44.527 - ResponseLog] - [FINE] - Human1 (1, 1) is STAYING STILL
22/09/2013 11:04:44.879 - MapLog] - [FINE] - Bomb at 9, 13 exploded!
22/09/2013 11:04:44.879 - MapLog] - [FINE] - Bomb at 9, 13 caused 9, 12 to explode!
22/09/2013 11:04:44.879 - MapLog] - [FINE] - Bomb at 9, 13 caused 9, 11 to explode!
22/09/2013 11:04:44.879 - MapLog] - [FINE] - Bomb at 9, 13 caused 8, 13 to explode!
22/09/2013 11:04:44.880 - MapLog] - [FINE] - Bomb at 9, 13 caused 10, 13 to explode!
22/09/2013 11:04:44.880 - MapLog] - [FINE] - Bomb at 9, 13 caused 11, 13 to explode!
22/09/2013 11:04:44.880 - MapLog] - [FINE] - Bomb at 9, 13 caused 9, 14 to explode!
22/09/2013 11:04:44.880 - MapLog] - [FINE] - Bomb at 9, 13 caused 9, 15 to explode!
22/09/2013 11:04:44.881 - ResponseLog] - [FINE] - Turn 98
22/09/2013 11:04:44.892 - ResponseLog] - [FINE] - Human1 (1, 1) is STAYING STILL
22/09/2013 11:04:44.892 - ResponseLog] - [FINE] - player(15, 7) is moving 1 space UP
22/09/2013 11:04:45.236 - MapLog] - [FINE] - Bomb at 9, 13 finished exploding!
22/09/2013 11:04:45.236 - MapLog] - [FINE] - A BOMBUP appeared at 9, 11!
22/09/2013 11:04:45.237 - ResponseLog] - [FINE] - Turn 99
22/09/2013 11:04:45.242 - ResponseLog] - [FINE] - player placed bomb at 15, 6
22/09/2013 11:04:45.243 - ResponseLog] - [FINE] - player (15, 6) is STAYING STILL
22/09/2013 11:04:45.243 - ResponseLog] - [FINE] - Human1 (1, 1) is STAYING STILL
22/09/2013 11:04:45.590 - ResponseLog] - [FINE] - Turn 100
22/09/2013 11:04:45.600 - ResponseLog] - [FINE] - Human1 (1, 1) is STAYING STILL
22/09/2013 11:04:45.602 - ResponseLog] - [FINE] - player(15, 6) is moving 1 space DOWN
22/09/2013 11:04:45.953 - ResponseLog] - [FINE] - Turn 101
22/09/2013 11:04:45.959 - ResponseLog] - [FINE] - Human1 (1, 1) is STAYING STILL
22/09/2013 11:04:45.959 - ResponseLog] - [FINE] - player(15, 7) is moving 1 space LEFT
22/09/2013 11:04:46.303 - ResponseLog] - [FINE] - Turn 102
22/09/2013 11:04:46.317 - ResponseLog] - [FINE] - Human1 (1, 1) is STAYING STILL
22/09/2013 11:04:46.317 - ResponseLog] - [FINE] - player(14, 7) is moving 1 space LEFT
22/09/2013 11:04:46.659 - MapLog] - [FINE] - Bomb at 11, 11 exploded!
22/09/2013 11:04:46.659 - MapLog] - [FINE] - Bomb at 11, 11 caused 11, 10 to explode!
22/09/2013 11:04:46.659 - MapLog] - [FINE] - Bomb at 11, 11 caused 10, 11 to explode!
22/09/2013 11:04:46.659 - MapLog] - [FINE] - Bomb at 11, 11 caused 12, 11 to explode!
22/09/2013 11:04:46.660 - MapLog] - [FINE] - Bomb at 11, 11 caused 13, 11 to explode!
22/09/2013 11:04:46.660 - MapLog] - [FINE] - Bomb at 11, 11 caused 11, 12 to explode!
22/09/2013 11:04:46.660 - MapLog] - [FINE] - Bomb at 11, 11 caused 11, 13 to explode!
22/09/2013 11:04:46.661 - ResponseLog] - [FINE] - Turn 103
22/09/2013 11:04:46.674 - ResponseLog] - [FINE] - Human1 (1, 1) is STAYING STILL
22/09/2013 11:04:46.675 - ResponseLog] - [FINE] - player placed bomb at 13, 7
22/09/2013 11:04:46.675 - ResponseLog] - [FINE] - player (13, 7) is STAYING STILL
22/09/2013 11:04:47.018 - MapLog] - [FINE] - Bomb at 11, 11 finished exploding!
22/09/2013 11:04:47.019 - ResponseLog] - [FINE] - Turn 104
22/09/2013 11:04:47.032 - ResponseLog] - [FINE] - Human1 (1, 1) is STAYING STILL
22/09/2013 11:04:47.033 - ResponseLog] - [FINE] - player(13, 7) is moving 1 space RIGHT
22/09/2013 11:04:47.379 - ResponseLog] - [FINE] - Turn 105
22/09/2013 11:04:47.389 - ResponseLog] - [FINE] - Human1 (1, 1) is STAYING STILL
22/09/2013 11:04:47.389 - ResponseLog] - [FINE] - player(14, 7) is moving 1 space RIGHT
22/09/2013 11:04:47.734 - ResponseLog] - [FINE] - Turn 106
22/09/2013 11:04:47.743 - ResponseLog] - [FINE] - Human1 (1, 1) is STAYING STILL
22/09/2013 11:04:47.743 - ResponseLog] - [FINE] - player(15, 7) is moving 1 space DOWN
22/09/2013 11:04:48.092 - ResponseLog] - [FINE] - Turn 107
22/09/2013 11:04:48.098 - ResponseLog] - [FINE] - Human1 (1, 1) is STAYING STILL
22/09/2013 11:04:48.098 - ResponseLog] - [FINE] - player(15, 8) is moving 1 space DOWN
22/09/2013 11:04:48.446 - MapLog] - [FINE] - Bomb at 13, 9 exploded!
22/09/2013 11:04:48.446 - MapLog] - [FINE] - Bomb at 13, 9 caused 13, 8 to explode!
22/09/2013 11:04:48.446 - MapLog] - [FINE] - Bomb at 13, 9 caused 12, 9 to explode!
22/09/2013 11:04:48.446 - MapLog] - [FINE] - Bomb at 13, 9 caused 11, 9 to explode!
22/09/2013 11:04:48.447 - MapLog] - [FINE] - Bomb at 13, 9 caused 14, 9 to explode!
22/09/2013 11:04:48.447 - MapLog] - [FINE] - Bomb at 13, 9 caused 15, 9 to explode!
22/09/2013 11:04:48.447 - MapLog] - [FINE] - Bomb at 13, 9 caused 13, 10 to explode!
22/09/2013 11:04:48.447 - MapLog] - [FINE] - Bomb at 13, 9 caused 13, 11 to explode!
22/09/2013 11:04:48.447 - GameLog] - [FINE] - player is bombed by player
22/09/2013 11:04:48.447 - GameLog] - [FINE] - Game Results: Human1 WINS
22/09/2013 11:04:48.447 - ResponseLog] - [FINE] - Turn 108
22/09/2013 11:04:48.448 - GameLog] - [FINE] - Adding game results: 
22/09/2013 11:04:50.166 - MapLog] - [FINE] - Bomb at 13, 9 finished exploding!
